#
# There is insufficient memory for the Java Runtime Environment to continue.
# Native memory allocation (malloc) failed to allocate 1049136 bytes for Chunk::new
# Possible reasons:
#   The system is out of physical RAM or swap space
#   The process is running with CompressedOops enabled, and the Java Heap may be blocking the growth of the native heap
# Possible solutions:
#   Reduce memory load on the system
#   Increase physical memory or swap space
#   Check if swap backing store is full
#   Decrease Java heap size (-Xmx/-Xms)
#   Decrease number of Java threads
#   Decrease Java thread stack sizes (-Xss)
#   Set larger code cache with -XX:ReservedCodeCacheSize=
#   JVM is running with Zero Based Compressed Oops mode in which the Java heap is
#     placed in the first 32GB address space. The Java Heap base address is the
#     maximum limit for the native heap growth. Please use -XX:HeapBaseMinAddress
#     to set the Java Heap base and to place the Java Heap above 32GB virtual address.
# This output file may be truncated or incomplete.
#
#  Out of Memory Error (t:/workspace/open/src/hotspot/share/memory/arena.cpp:197), pid=3304, tid=9740
#
# JRE version: Java(TM) SE Runtime Environment (11.0.6+8) (build 11.0.6+8-LTS)
# Java VM: Java HotSpot(TM) 64-Bit Server VM (11.0.6+8-LTS, mixed mode, tiered, compressed oops, g1 gc, windows-amd64)
# No core dump will be written. Minidumps are not enabled by default on client versions of Windows
#

---------------  S U M M A R Y ------------

Command Line: -Dfile.encoding=UTF-8 com.abcool.OAuth2DB.OAuth2DbApplication

Host: Intel(R) Core(TM) i3-7100U CPU @ 2.40GHz, 4 cores, 15G,  Windows 10 , 64 bit Build 19041 (10.0.19041.292)
Time: Sat Jul 25 00:37:14 2020 India Standard Time elapsed time: 449 seconds (0d 0h 7m 29s)

---------------  T H R E A D  ---------------

Current thread (0x00000288f6f71000):  JavaThread "C2 CompilerThread1" daemon [_thread_in_native, id=9740, stack(0x000000916f400000,0x000000916f500000)]


Current CompileTask:
C2: 449104 6707   !   4       org.springframework.beans.factory.support.DefaultListableBeanFactory::doGetBeanNamesForType (506 bytes)

Stack: [0x000000916f400000,0x000000916f500000]
Native frames: (J=compiled Java code, j=interpreted, Vv=VM code, C=native code)
V  [jvm.dll+0x63679a]
V  [jvm.dll+0x7755bf]
V  [jvm.dll+0x776c65]
V  [jvm.dll+0x7772d3]
V  [jvm.dll+0x25e7f8]
V  [jvm.dll+0xc1c01]
V  [jvm.dll+0xc219c]
V  [jvm.dll+0x36d932]
V  [jvm.dll+0x1a8f0f]
V  [jvm.dll+0x218462]
V  [jvm.dll+0x2174fa]
V  [jvm.dll+0x193a2c]
V  [jvm.dll+0x226544]
V  [jvm.dll+0x224b28]
V  [jvm.dll+0x73a9c5]
V  [jvm.dll+0x733905]
V  [jvm.dll+0x635846]
C  [ucrtbase.dll+0x21542]
C  [KERNEL32.DLL+0x16fd4]
C  [ntdll.dll+0x4cec1]


---------------  P R O C E S S  ---------------

Threads class SMR info:
_java_thread_list=0x00000288f6f3b6b0, length=30, elements={
0x00000288f2835000, 0x00000288f2860800, 0x00000288f28af800, 0x00000288f28b1800,
0x00000288f28b2000, 0x00000288f28c6000, 0x00000288f28d7000, 0x00000288f2a33000,
0x00000288f2a3d000, 0x00000288f28c2800, 0x00000288f28c7800, 0x00000288f28c8800,
0x00000288f28c3800, 0x00000288f28c5000, 0x00000288f6f71800, 0x00000288f6f6f800,
0x00000288f6f70000, 0x00000288f6f73800, 0x00000288f6f74000, 0x00000288f6f76000,
0x00000288f6f76800, 0x00000288f6f77800, 0x00000288f6f75000, 0x00000288f6f78800,
0x00000288f6f72800, 0x00000288f6f7c800, 0x00000288f6f7a800, 0x00000288f6f7a000,
0x00000288f6f7b800, 0x00000288f6f71000
}

Java Threads: ( => current thread )
  0x00000288f2835000 JavaThread "Reference Handler" daemon [_thread_blocked, id=15812, stack(0x000000916fd00000,0x000000916fe00000)]
  0x00000288f2860800 JavaThread "Finalizer" daemon [_thread_blocked, id=16340, stack(0x000000916fe00000,0x000000916ff00000)]
  0x00000288f28af800 JavaThread "Signal Dispatcher" daemon [_thread_blocked, id=6048, stack(0x000000916ff00000,0x0000009170000000)]
  0x00000288f28b1800 JavaThread "Attach Listener" daemon [_thread_blocked, id=14676, stack(0x0000009170000000,0x0000009170100000)]
  0x00000288f28b2000 JavaThread "C2 CompilerThread0" daemon [_thread_in_native, id=10344, stack(0x0000009170100000,0x0000009170200000)]
  0x00000288f28c6000 JavaThread "C1 CompilerThread0" daemon [_thread_blocked, id=15652, stack(0x0000009170200000,0x0000009170300000)]
  0x00000288f28d7000 JavaThread "Sweeper thread" daemon [_thread_blocked, id=15696, stack(0x0000009170300000,0x0000009170400000)]
  0x00000288f2a33000 JavaThread "Service Thread" daemon [_thread_blocked, id=9628, stack(0x0000009170400000,0x0000009170500000)]
  0x00000288f2a3d000 JavaThread "Common-Cleaner" daemon [_thread_blocked, id=3508, stack(0x0000009170600000,0x0000009170700000)]
  0x00000288f28c2800 JavaThread "Catalina-utility-1" [_thread_blocked, id=15344, stack(0x0000009170b00000,0x0000009170c00000)]
  0x00000288f28c7800 JavaThread "Catalina-utility-2" [_thread_blocked, id=7040, stack(0x0000009170c00000,0x0000009170d00000)]
  0x00000288f28c8800 JavaThread "container-0" [_thread_blocked, id=13152, stack(0x0000009170d00000,0x0000009170e00000)]
  0x00000288f28c3800 JavaThread "mysql-cj-abandoned-connection-cleanup" daemon [_thread_blocked, id=15408, stack(0x0000009170e00000,0x0000009170f00000)]
  0x00000288f28c5000 JavaThread "HikariPool-1 housekeeper" daemon [_thread_blocked, id=10148, stack(0x0000009171200000,0x0000009171300000)]
  0x00000288f6f71800 JavaThread "spring.cloud.inetutils" daemon [_thread_blocked, id=15900, stack(0x0000009171500000,0x0000009171600000)]
  0x00000288f6f6f800 JavaThread "http-nio-8080-BlockPoller" daemon [_thread_in_native, id=2592, stack(0x0000009171600000,0x0000009171700000)]
  0x00000288f6f70000 JavaThread "http-nio-8080-exec-1" daemon [_thread_blocked, id=7380, stack(0x0000009171700000,0x0000009171800000)]
  0x00000288f6f73800 JavaThread "http-nio-8080-exec-2" daemon [_thread_blocked, id=5332, stack(0x0000009171800000,0x0000009171900000)]
  0x00000288f6f74000 JavaThread "http-nio-8080-exec-3" daemon [_thread_blocked, id=6576, stack(0x0000009171900000,0x0000009171a00000)]
  0x00000288f6f76000 JavaThread "http-nio-8080-exec-4" daemon [_thread_blocked, id=4136, stack(0x0000009171a00000,0x0000009171b00000)]
  0x00000288f6f76800 JavaThread "http-nio-8080-exec-5" daemon [_thread_blocked, id=10084, stack(0x0000009171b00000,0x0000009171c00000)]
  0x00000288f6f77800 JavaThread "http-nio-8080-exec-6" daemon [_thread_blocked, id=10188, stack(0x0000009171c00000,0x0000009171d00000)]
  0x00000288f6f75000 JavaThread "http-nio-8080-exec-7" daemon [_thread_blocked, id=16312, stack(0x0000009171d00000,0x0000009171e00000)]
  0x00000288f6f78800 JavaThread "http-nio-8080-exec-8" daemon [_thread_blocked, id=15536, stack(0x0000009171e00000,0x0000009171f00000)]
  0x00000288f6f72800 JavaThread "http-nio-8080-exec-9" daemon [_thread_blocked, id=3668, stack(0x0000009171f00000,0x0000009172000000)]
  0x00000288f6f7c800 JavaThread "http-nio-8080-exec-10" daemon [_thread_blocked, id=1992, stack(0x0000009172000000,0x0000009172100000)]
  0x00000288f6f7a800 JavaThread "http-nio-8080-ClientPoller" daemon [_thread_in_native, id=2344, stack(0x0000009172100000,0x0000009172200000)]
  0x00000288f6f7a000 JavaThread "http-nio-8080-Acceptor" daemon [_thread_in_native, id=10268, stack(0x0000009172200000,0x0000009172300000)]
  0x00000288f6f7b800 JavaThread "DestroyJavaVM" [_thread_blocked, id=3228, stack(0x000000916f600000,0x000000916f700000)]
=>0x00000288f6f71000 JavaThread "C2 CompilerThread1" daemon [_thread_in_native, id=9740, stack(0x000000916f400000,0x000000916f500000)]

Other Threads:
  0x00000288f2832800 VMThread "VM Thread" [stack: 0x000000916fc00000,0x000000916fd00000] [id=8188]
  0x00000288f2a38800 WatcherThread [stack: 0x0000009170500000,0x0000009170600000] [id=9604]
  0x00000288cf0b7000 GCTaskThread "GC Thread#0" [stack: 0x000000916f700000,0x000000916f800000] [id=11920]
  0x00000288f3433800 GCTaskThread "GC Thread#1" [stack: 0x0000009170700000,0x0000009170800000] [id=3948]
  0x00000288f3434000 GCTaskThread "GC Thread#2" [stack: 0x0000009170800000,0x0000009170900000] [id=14912]
  0x00000288f3081800 GCTaskThread "GC Thread#3" [stack: 0x0000009170900000,0x0000009170a00000] [id=10808]
  0x00000288cf112000 ConcurrentGCThread "G1 Main Marker" [stack: 0x000000916f800000,0x000000916f900000] [id=6968]
  0x00000288cf116000 ConcurrentGCThread "G1 Conc#0" [stack: 0x000000916f900000,0x000000916fa00000] [id=15032]
  0x00000288f1e94800 ConcurrentGCThread "G1 Refine#0" [stack: 0x000000916fa00000,0x000000916fb00000] [id=3896]
  0x00000288f1e99800 ConcurrentGCThread "G1 Young RemSet Sampling" [stack: 0x000000916fb00000,0x000000916fc00000] [id=10984]

Threads with active compile tasks:
C2 CompilerThread06687       4       org.springframework.transaction.interceptor.TransactionAttributeSourcePointcut::matches (26 bytes)
C2 CompilerThread16707   !   4       org.springframework.beans.factory.support.DefaultListableBeanFactory::doGetBeanNamesForType (506 bytes)

VM state:not at safepoint (normal execution)

VM Mutex/Monitor currently owned by a thread: None

Heap address: 0x0000000702a00000, size: 4054 MB, Compressed Oops mode: Zero based, Oop shift amount: 3
Narrow klass base: 0x0000000800000000, Narrow klass shift: 0
Compressed class space size: 1073741824 Address: 0x0000000800000000

Heap:
 garbage-first heap   total 312320K, used 118805K [0x0000000702a00000, 0x0000000800000000)
  region size 1024K, 102 young (104448K), 11 survivors (11264K)
 Metaspace       used 71132K, capacity 72873K, committed 72956K, reserved 1112064K
  class space    used 9039K, capacity 9742K, committed 9804K, reserved 1048576K
Heap Regions: E=young(eden), S=young(survivor), O=old, HS=humongous(starts), HC=humongous(continues), CS=collection set, F=free, A=archive, TAMS=top-at-mark-start (previous, next)
|   0|0x0000000702a00000, 0x0000000702b00000, 0x0000000702b00000|100%|HS|  |TAMS 0x0000000702b00000, 0x0000000702a00000| Complete 
|   1|0x0000000702b00000, 0x0000000702c00000, 0x0000000702c00000|100%| O|  |TAMS 0x0000000702c00000, 0x0000000702b00000| Untracked 
|   2|0x0000000702c00000, 0x0000000702d00000, 0x0000000702d00000|100%| O|  |TAMS 0x0000000702d00000, 0x0000000702c00000| Untracked 
|   3|0x0000000702d00000, 0x0000000702e00000, 0x0000000702e00000|100%| O|  |TAMS 0x0000000702e00000, 0x0000000702d00000| Untracked 
|   4|0x0000000702e00000, 0x0000000702f00000, 0x0000000702f00000|100%| O|  |TAMS 0x0000000702f00000, 0x0000000702e00000| Untracked 
|   5|0x0000000702f00000, 0x0000000703000000, 0x0000000703000000|100%| O|  |TAMS 0x0000000703000000, 0x0000000702f00000| Untracked 
|   6|0x0000000703000000, 0x0000000703100000, 0x0000000703100000|100%| O|  |TAMS 0x0000000703100000, 0x0000000703000000| Untracked 
|   7|0x0000000703100000, 0x0000000703200000, 0x0000000703200000|100%| O|  |TAMS 0x0000000703200000, 0x0000000703100000| Untracked 
|   8|0x0000000703200000, 0x0000000703300000, 0x0000000703300000|100%| O|  |TAMS 0x0000000703300000, 0x0000000703200000| Untracked 
|   9|0x0000000703300000, 0x0000000703400000, 0x0000000703400000|100%| O|  |TAMS 0x0000000703400000, 0x0000000703300000| Untracked 
|  10|0x0000000703400000, 0x0000000703500000, 0x0000000703500000|100%| O|  |TAMS 0x0000000703500000, 0x0000000703400000| Untracked 
|  11|0x0000000703500000, 0x0000000703600000, 0x0000000703600000|100%| O|  |TAMS 0x0000000703600000, 0x0000000703500000| Untracked 
|  12|0x0000000703600000, 0x0000000703700000, 0x0000000703700000|100%| O|  |TAMS 0x0000000703700000, 0x0000000703600000| Untracked 
|  13|0x0000000703700000, 0x0000000703800000, 0x0000000703800000|100%| O|  |TAMS 0x0000000703800000, 0x0000000703700000| Untracked 
|  14|0x0000000703800000, 0x0000000703900000, 0x0000000703900000|100%| O|  |TAMS 0x0000000703900000, 0x0000000703800000| Untracked 
|  15|0x0000000703900000, 0x0000000703985400, 0x0000000703a00000| 52%| O|  |TAMS 0x0000000703985400, 0x0000000703900000| Untracked 
|  16|0x0000000703a00000, 0x0000000703a00000, 0x0000000703b00000|  0%| F|  |TAMS 0x0000000703a00000, 0x0000000703a00000| Untracked 
|  17|0x0000000703b00000, 0x0000000703b00000, 0x0000000703c00000|  0%| F|  |TAMS 0x0000000703b00000, 0x0000000703b00000| Untracked 
|  18|0x0000000703c00000, 0x0000000703c00000, 0x0000000703d00000|  0%| F|  |TAMS 0x0000000703c00000, 0x0000000703c00000| Untracked 
|  19|0x0000000703d00000, 0x0000000703d00000, 0x0000000703e00000|  0%| F|  |TAMS 0x0000000703d00000, 0x0000000703d00000| Untracked 
|  20|0x0000000703e00000, 0x0000000703e00000, 0x0000000703f00000|  0%| F|  |TAMS 0x0000000703e00000, 0x0000000703e00000| Untracked 
|  21|0x0000000703f00000, 0x0000000703f00000, 0x0000000704000000|  0%| F|  |TAMS 0x0000000703f00000, 0x0000000703f00000| Untracked 
|  22|0x0000000704000000, 0x0000000704000000, 0x0000000704100000|  0%| F|  |TAMS 0x0000000704000000, 0x0000000704000000| Untracked 
|  23|0x0000000704100000, 0x0000000704100000, 0x0000000704200000|  0%| F|  |TAMS 0x0000000704100000, 0x0000000704100000| Untracked 
|  24|0x0000000704200000, 0x0000000704200000, 0x0000000704300000|  0%| F|  |TAMS 0x0000000704200000, 0x0000000704200000| Untracked 
|  25|0x0000000704300000, 0x0000000704300000, 0x0000000704400000|  0%| F|  |TAMS 0x0000000704300000, 0x0000000704300000| Untracked 
|  26|0x0000000704400000, 0x0000000704400000, 0x0000000704500000|  0%| F|  |TAMS 0x0000000704400000, 0x0000000704400000| Untracked 
|  27|0x0000000704500000, 0x0000000704500000, 0x0000000704600000|  0%| F|  |TAMS 0x0000000704500000, 0x0000000704500000| Untracked 
|  28|0x0000000704600000, 0x0000000704600000, 0x0000000704700000|  0%| F|  |TAMS 0x0000000704600000, 0x0000000704600000| Untracked 
|  29|0x0000000704700000, 0x0000000704700000, 0x0000000704800000|  0%| F|  |TAMS 0x0000000704700000, 0x0000000704700000| Untracked 
|  30|0x0000000704800000, 0x0000000704800000, 0x0000000704900000|  0%| F|  |TAMS 0x0000000704800000, 0x0000000704800000| Untracked 
|  31|0x0000000704900000, 0x0000000704900000, 0x0000000704a00000|  0%| F|  |TAMS 0x0000000704900000, 0x0000000704900000| Untracked 
|  32|0x0000000704a00000, 0x0000000704a00000, 0x0000000704b00000|  0%| F|  |TAMS 0x0000000704a00000, 0x0000000704a00000| Untracked 
|  33|0x0000000704b00000, 0x0000000704b00000, 0x0000000704c00000|  0%| F|  |TAMS 0x0000000704b00000, 0x0000000704b00000| Untracked 
|  34|0x0000000704c00000, 0x0000000704c00000, 0x0000000704d00000|  0%| F|  |TAMS 0x0000000704c00000, 0x0000000704c00000| Untracked 
|  35|0x0000000704d00000, 0x0000000704d00000, 0x0000000704e00000|  0%| F|  |TAMS 0x0000000704d00000, 0x0000000704d00000| Untracked 
|  36|0x0000000704e00000, 0x0000000704e00000, 0x0000000704f00000|  0%| F|  |TAMS 0x0000000704e00000, 0x0000000704e00000| Untracked 
|  37|0x0000000704f00000, 0x0000000704f00000, 0x0000000705000000|  0%| F|  |TAMS 0x0000000704f00000, 0x0000000704f00000| Untracked 
|  38|0x0000000705000000, 0x0000000705000000, 0x0000000705100000|  0%| F|  |TAMS 0x0000000705000000, 0x0000000705000000| Untracked 
|  39|0x0000000705100000, 0x0000000705100000, 0x0000000705200000|  0%| F|  |TAMS 0x0000000705100000, 0x0000000705100000| Untracked 
|  40|0x0000000705200000, 0x0000000705200000, 0x0000000705300000|  0%| F|  |TAMS 0x0000000705200000, 0x0000000705200000| Untracked 
|  41|0x0000000705300000, 0x0000000705300000, 0x0000000705400000|  0%| F|  |TAMS 0x0000000705300000, 0x0000000705300000| Untracked 
|  42|0x0000000705400000, 0x0000000705400000, 0x0000000705500000|  0%| F|  |TAMS 0x0000000705400000, 0x0000000705400000| Untracked 
|  43|0x0000000705500000, 0x0000000705500000, 0x0000000705600000|  0%| F|  |TAMS 0x0000000705500000, 0x0000000705500000| Untracked 
|  44|0x0000000705600000, 0x0000000705600000, 0x0000000705700000|  0%| F|  |TAMS 0x0000000705600000, 0x0000000705600000| Untracked 
|  45|0x0000000705700000, 0x0000000705700000, 0x0000000705800000|  0%| F|  |TAMS 0x0000000705700000, 0x0000000705700000| Untracked 
|  46|0x0000000705800000, 0x0000000705800000, 0x0000000705900000|  0%| F|  |TAMS 0x0000000705800000, 0x0000000705800000| Untracked 
|  47|0x0000000705900000, 0x0000000705900000, 0x0000000705a00000|  0%| F|  |TAMS 0x0000000705900000, 0x0000000705900000| Untracked 
|  48|0x0000000705a00000, 0x0000000705a00000, 0x0000000705b00000|  0%| F|  |TAMS 0x0000000705a00000, 0x0000000705a00000| Untracked 
|  49|0x0000000705b00000, 0x0000000705b00000, 0x0000000705c00000|  0%| F|  |TAMS 0x0000000705b00000, 0x0000000705b00000| Untracked 
|  50|0x0000000705c00000, 0x0000000705c00000, 0x0000000705d00000|  0%| F|  |TAMS 0x0000000705c00000, 0x0000000705c00000| Untracked 
|  51|0x0000000705d00000, 0x0000000705d00000, 0x0000000705e00000|  0%| F|  |TAMS 0x0000000705d00000, 0x0000000705d00000| Untracked 
|  52|0x0000000705e00000, 0x0000000705e00000, 0x0000000705f00000|  0%| F|  |TAMS 0x0000000705e00000, 0x0000000705e00000| Untracked 
|  53|0x0000000705f00000, 0x0000000705f00000, 0x0000000706000000|  0%| F|  |TAMS 0x0000000705f00000, 0x0000000705f00000| Untracked 
|  54|0x0000000706000000, 0x0000000706000000, 0x0000000706100000|  0%| F|  |TAMS 0x0000000706000000, 0x0000000706000000| Untracked 
|  55|0x0000000706100000, 0x0000000706100000, 0x0000000706200000|  0%| F|  |TAMS 0x0000000706100000, 0x0000000706100000| Untracked 
|  56|0x0000000706200000, 0x0000000706200000, 0x0000000706300000|  0%| F|  |TAMS 0x0000000706200000, 0x0000000706200000| Untracked 
|  57|0x0000000706300000, 0x0000000706300000, 0x0000000706400000|  0%| F|  |TAMS 0x0000000706300000, 0x0000000706300000| Untracked 
|  58|0x0000000706400000, 0x0000000706400000, 0x0000000706500000|  0%| F|  |TAMS 0x0000000706400000, 0x0000000706400000| Untracked 
|  59|0x0000000706500000, 0x0000000706500000, 0x0000000706600000|  0%| F|  |TAMS 0x0000000706500000, 0x0000000706500000| Untracked 
|  60|0x0000000706600000, 0x0000000706600000, 0x0000000706700000|  0%| F|  |TAMS 0x0000000706600000, 0x0000000706600000| Untracked 
|  61|0x0000000706700000, 0x0000000706700000, 0x0000000706800000|  0%| F|  |TAMS 0x0000000706700000, 0x0000000706700000| Untracked 
|  62|0x0000000706800000, 0x0000000706800000, 0x0000000706900000|  0%| F|  |TAMS 0x0000000706800000, 0x0000000706800000| Untracked 
|  63|0x0000000706900000, 0x0000000706900000, 0x0000000706a00000|  0%| F|  |TAMS 0x0000000706900000, 0x0000000706900000| Untracked 
|  64|0x0000000706a00000, 0x0000000706a00000, 0x0000000706b00000|  0%| F|  |TAMS 0x0000000706a00000, 0x0000000706a00000| Untracked 
|  65|0x0000000706b00000, 0x0000000706b00000, 0x0000000706c00000|  0%| F|  |TAMS 0x0000000706b00000, 0x0000000706b00000| Untracked 
|  66|0x0000000706c00000, 0x0000000706c00000, 0x0000000706d00000|  0%| F|  |TAMS 0x0000000706c00000, 0x0000000706c00000| Untracked 
|  67|0x0000000706d00000, 0x0000000706d00000, 0x0000000706e00000|  0%| F|  |TAMS 0x0000000706d00000, 0x0000000706d00000| Untracked 
|  68|0x0000000706e00000, 0x0000000706e00000, 0x0000000706f00000|  0%| F|  |TAMS 0x0000000706e00000, 0x0000000706e00000| Untracked 
|  69|0x0000000706f00000, 0x0000000706f00000, 0x0000000707000000|  0%| F|  |TAMS 0x0000000706f00000, 0x0000000706f00000| Untracked 
|  70|0x0000000707000000, 0x0000000707000000, 0x0000000707100000|  0%| F|  |TAMS 0x0000000707000000, 0x0000000707000000| Untracked 
|  71|0x0000000707100000, 0x0000000707100000, 0x0000000707200000|  0%| F|  |TAMS 0x0000000707100000, 0x0000000707100000| Untracked 
|  72|0x0000000707200000, 0x0000000707200000, 0x0000000707300000|  0%| F|  |TAMS 0x0000000707200000, 0x0000000707200000| Untracked 
|  73|0x0000000707300000, 0x0000000707300000, 0x0000000707400000|  0%| F|  |TAMS 0x0000000707300000, 0x0000000707300000| Untracked 
|  74|0x0000000707400000, 0x0000000707400000, 0x0000000707500000|  0%| F|  |TAMS 0x0000000707400000, 0x0000000707400000| Untracked 
|  75|0x0000000707500000, 0x0000000707500000, 0x0000000707600000|  0%| F|  |TAMS 0x0000000707500000, 0x0000000707500000| Untracked 
|  76|0x0000000707600000, 0x0000000707600000, 0x0000000707700000|  0%| F|  |TAMS 0x0000000707600000, 0x0000000707600000| Untracked 
|  77|0x0000000707700000, 0x0000000707700000, 0x0000000707800000|  0%| F|  |TAMS 0x0000000707700000, 0x0000000707700000| Untracked 
|  78|0x0000000707800000, 0x0000000707800000, 0x0000000707900000|  0%| F|  |TAMS 0x0000000707800000, 0x0000000707800000| Untracked 
|  79|0x0000000707900000, 0x0000000707900000, 0x0000000707a00000|  0%| F|  |TAMS 0x0000000707900000, 0x0000000707900000| Untracked 
|  80|0x0000000707a00000, 0x0000000707a00000, 0x0000000707b00000|  0%| F|  |TAMS 0x0000000707a00000, 0x0000000707a00000| Untracked 
|  81|0x0000000707b00000, 0x0000000707b00000, 0x0000000707c00000|  0%| F|  |TAMS 0x0000000707b00000, 0x0000000707b00000| Untracked 
|  82|0x0000000707c00000, 0x0000000707c00000, 0x0000000707d00000|  0%| F|  |TAMS 0x0000000707c00000, 0x0000000707c00000| Untracked 
|  83|0x0000000707d00000, 0x0000000707d00000, 0x0000000707e00000|  0%| F|  |TAMS 0x0000000707d00000, 0x0000000707d00000| Untracked 
|  84|0x0000000707e00000, 0x0000000707e00000, 0x0000000707f00000|  0%| F|  |TAMS 0x0000000707e00000, 0x0000000707e00000| Untracked 
|  85|0x0000000707f00000, 0x0000000707f00000, 0x0000000708000000|  0%| F|  |TAMS 0x0000000707f00000, 0x0000000707f00000| Untracked 
|  86|0x0000000708000000, 0x0000000708000000, 0x0000000708100000|  0%| F|  |TAMS 0x0000000708000000, 0x0000000708000000| Untracked 
|  87|0x0000000708100000, 0x0000000708100000, 0x0000000708200000|  0%| F|  |TAMS 0x0000000708100000, 0x0000000708100000| Untracked 
|  88|0x0000000708200000, 0x0000000708200000, 0x0000000708300000|  0%| F|  |TAMS 0x0000000708200000, 0x0000000708200000| Untracked 
|  89|0x0000000708300000, 0x0000000708300000, 0x0000000708400000|  0%| F|  |TAMS 0x0000000708300000, 0x0000000708300000| Untracked 
|  90|0x0000000708400000, 0x0000000708400000, 0x0000000708500000|  0%| F|  |TAMS 0x0000000708400000, 0x0000000708400000| Untracked 
|  91|0x0000000708500000, 0x0000000708500000, 0x0000000708600000|  0%| F|  |TAMS 0x0000000708500000, 0x0000000708500000| Untracked 
|  92|0x0000000708600000, 0x0000000708600000, 0x0000000708700000|  0%| F|  |TAMS 0x0000000708600000, 0x0000000708600000| Untracked 
|  93|0x0000000708700000, 0x0000000708700000, 0x0000000708800000|  0%| F|  |TAMS 0x0000000708700000, 0x0000000708700000| Untracked 
|  94|0x0000000708800000, 0x0000000708800000, 0x0000000708900000|  0%| F|  |TAMS 0x0000000708800000, 0x0000000708800000| Untracked 
|  95|0x0000000708900000, 0x0000000708900000, 0x0000000708a00000|  0%| F|  |TAMS 0x0000000708900000, 0x0000000708900000| Untracked 
|  96|0x0000000708a00000, 0x0000000708a00000, 0x0000000708b00000|  0%| F|  |TAMS 0x0000000708a00000, 0x0000000708a00000| Untracked 
|  97|0x0000000708b00000, 0x0000000708b00000, 0x0000000708c00000|  0%| F|  |TAMS 0x0000000708b00000, 0x0000000708b00000| Untracked 
|  98|0x0000000708c00000, 0x0000000708c00000, 0x0000000708d00000|  0%| F|  |TAMS 0x0000000708c00000, 0x0000000708c00000| Untracked 
|  99|0x0000000708d00000, 0x0000000708d00000, 0x0000000708e00000|  0%| F|  |TAMS 0x0000000708d00000, 0x0000000708d00000| Untracked 
| 100|0x0000000708e00000, 0x0000000708e00000, 0x0000000708f00000|  0%| F|  |TAMS 0x0000000708e00000, 0x0000000708e00000| Untracked 
| 101|0x0000000708f00000, 0x0000000708f00000, 0x0000000709000000|  0%| F|  |TAMS 0x0000000708f00000, 0x0000000708f00000| Untracked 
| 102|0x0000000709000000, 0x0000000709000000, 0x0000000709100000|  0%| F|  |TAMS 0x0000000709000000, 0x0000000709000000| Untracked 
| 103|0x0000000709100000, 0x0000000709100000, 0x0000000709200000|  0%| F|  |TAMS 0x0000000709100000, 0x0000000709100000| Untracked 
| 104|0x0000000709200000, 0x0000000709200000, 0x0000000709300000|  0%| F|  |TAMS 0x0000000709200000, 0x0000000709200000| Untracked 
| 105|0x0000000709300000, 0x0000000709300000, 0x0000000709400000|  0%| F|  |TAMS 0x0000000709300000, 0x0000000709300000| Untracked 
| 106|0x0000000709400000, 0x0000000709400000, 0x0000000709500000|  0%| F|  |TAMS 0x0000000709400000, 0x0000000709400000| Untracked 
| 107|0x0000000709500000, 0x0000000709500000, 0x0000000709600000|  0%| F|  |TAMS 0x0000000709500000, 0x0000000709500000| Untracked 
| 108|0x0000000709600000, 0x0000000709600000, 0x0000000709700000|  0%| F|  |TAMS 0x0000000709600000, 0x0000000709600000| Untracked 
| 109|0x0000000709700000, 0x0000000709700000, 0x0000000709800000|  0%| F|  |TAMS 0x0000000709700000, 0x0000000709700000| Untracked 
| 110|0x0000000709800000, 0x0000000709800000, 0x0000000709900000|  0%| F|  |TAMS 0x0000000709800000, 0x0000000709800000| Untracked 
| 111|0x0000000709900000, 0x0000000709900000, 0x0000000709a00000|  0%| F|  |TAMS 0x0000000709900000, 0x0000000709900000| Untracked 
| 112|0x0000000709a00000, 0x0000000709a00000, 0x0000000709b00000|  0%| F|  |TAMS 0x0000000709a00000, 0x0000000709a00000| Untracked 
| 113|0x0000000709b00000, 0x0000000709b00000, 0x0000000709c00000|  0%| F|  |TAMS 0x0000000709b00000, 0x0000000709b00000| Untracked 
| 114|0x0000000709c00000, 0x0000000709c00000, 0x0000000709d00000|  0%| F|  |TAMS 0x0000000709c00000, 0x0000000709c00000| Untracked 
| 115|0x0000000709d00000, 0x0000000709d00000, 0x0000000709e00000|  0%| F|  |TAMS 0x0000000709d00000, 0x0000000709d00000| Untracked 
| 116|0x0000000709e00000, 0x0000000709e00000, 0x0000000709f00000|  0%| F|  |TAMS 0x0000000709e00000, 0x0000000709e00000| Untracked 
| 117|0x0000000709f00000, 0x0000000709f00000, 0x000000070a000000|  0%| F|  |TAMS 0x0000000709f00000, 0x0000000709f00000| Untracked 
| 118|0x000000070a000000, 0x000000070a000000, 0x000000070a100000|  0%| F|  |TAMS 0x000000070a000000, 0x000000070a000000| Untracked 
| 119|0x000000070a100000, 0x000000070a100000, 0x000000070a200000|  0%| F|  |TAMS 0x000000070a100000, 0x000000070a100000| Untracked 
| 120|0x000000070a200000, 0x000000070a200000, 0x000000070a300000|  0%| F|  |TAMS 0x000000070a200000, 0x000000070a200000| Untracked 
| 121|0x000000070a300000, 0x000000070a300000, 0x000000070a400000|  0%| F|  |TAMS 0x000000070a300000, 0x000000070a300000| Untracked 
| 122|0x000000070a400000, 0x000000070a400000, 0x000000070a500000|  0%| F|  |TAMS 0x000000070a400000, 0x000000070a400000| Untracked 
| 123|0x000000070a500000, 0x000000070a500000, 0x000000070a600000|  0%| F|  |TAMS 0x000000070a500000, 0x000000070a500000| Untracked 
| 124|0x000000070a600000, 0x000000070a600000, 0x000000070a700000|  0%| F|  |TAMS 0x000000070a600000, 0x000000070a600000| Untracked 
| 125|0x000000070a700000, 0x000000070a700000, 0x000000070a800000|  0%| F|  |TAMS 0x000000070a700000, 0x000000070a700000| Untracked 
| 126|0x000000070a800000, 0x000000070a800000, 0x000000070a900000|  0%| F|  |TAMS 0x000000070a800000, 0x000000070a800000| Untracked 
| 127|0x000000070a900000, 0x000000070a900000, 0x000000070aa00000|  0%| F|  |TAMS 0x000000070a900000, 0x000000070a900000| Untracked 
| 128|0x000000070aa00000, 0x000000070aa00000, 0x000000070ab00000|  0%| F|  |TAMS 0x000000070aa00000, 0x000000070aa00000| Untracked 
| 129|0x000000070ab00000, 0x000000070ab00000, 0x000000070ac00000|  0%| F|  |TAMS 0x000000070ab00000, 0x000000070ab00000| Untracked 
| 130|0x000000070ac00000, 0x000000070ac00000, 0x000000070ad00000|  0%| F|  |TAMS 0x000000070ac00000, 0x000000070ac00000| Untracked 
| 131|0x000000070ad00000, 0x000000070ad00000, 0x000000070ae00000|  0%| F|  |TAMS 0x000000070ad00000, 0x000000070ad00000| Untracked 
| 132|0x000000070ae00000, 0x000000070ae00000, 0x000000070af00000|  0%| F|  |TAMS 0x000000070ae00000, 0x000000070ae00000| Untracked 
| 133|0x000000070af00000, 0x000000070af00000, 0x000000070b000000|  0%| F|  |TAMS 0x000000070af00000, 0x000000070af00000| Untracked 
| 134|0x000000070b000000, 0x000000070b000000, 0x000000070b100000|  0%| F|  |TAMS 0x000000070b000000, 0x000000070b000000| Untracked 
| 135|0x000000070b100000, 0x000000070b100000, 0x000000070b200000|  0%| F|  |TAMS 0x000000070b100000, 0x000000070b100000| Untracked 
| 136|0x000000070b200000, 0x000000070b200000, 0x000000070b300000|  0%| F|  |TAMS 0x000000070b200000, 0x000000070b200000| Untracked 
| 137|0x000000070b300000, 0x000000070b300000, 0x000000070b400000|  0%| F|  |TAMS 0x000000070b300000, 0x000000070b300000| Untracked 
| 138|0x000000070b400000, 0x000000070b400000, 0x000000070b500000|  0%| F|  |TAMS 0x000000070b400000, 0x000000070b400000| Untracked 
| 139|0x000000070b500000, 0x000000070b500000, 0x000000070b600000|  0%| F|  |TAMS 0x000000070b500000, 0x000000070b500000| Untracked 
| 140|0x000000070b600000, 0x000000070b600000, 0x000000070b700000|  0%| F|  |TAMS 0x000000070b600000, 0x000000070b600000| Untracked 
| 141|0x000000070b700000, 0x000000070b700000, 0x000000070b800000|  0%| F|  |TAMS 0x000000070b700000, 0x000000070b700000| Untracked 
| 142|0x000000070b800000, 0x000000070b800000, 0x000000070b900000|  0%| F|  |TAMS 0x000000070b800000, 0x000000070b800000| Untracked 
| 143|0x000000070b900000, 0x000000070b900000, 0x000000070ba00000|  0%| F|  |TAMS 0x000000070b900000, 0x000000070b900000| Untracked 
| 144|0x000000070ba00000, 0x000000070ba00000, 0x000000070bb00000|  0%| F|  |TAMS 0x000000070ba00000, 0x000000070ba00000| Untracked 
| 145|0x000000070bb00000, 0x000000070bb00000, 0x000000070bc00000|  0%| F|  |TAMS 0x000000070bb00000, 0x000000070bb00000| Untracked 
| 146|0x000000070bc00000, 0x000000070bc00000, 0x000000070bd00000|  0%| F|  |TAMS 0x000000070bc00000, 0x000000070bc00000| Untracked 
| 147|0x000000070bd00000, 0x000000070bd00000, 0x000000070be00000|  0%| F|  |TAMS 0x000000070bd00000, 0x000000070bd00000| Untracked 
| 148|0x000000070be00000, 0x000000070be00000, 0x000000070bf00000|  0%| F|  |TAMS 0x000000070be00000, 0x000000070be00000| Untracked 
| 149|0x000000070bf00000, 0x000000070bf00000, 0x000000070c000000|  0%| F|  |TAMS 0x000000070bf00000, 0x000000070bf00000| Untracked 
| 150|0x000000070c000000, 0x000000070c000000, 0x000000070c100000|  0%| F|  |TAMS 0x000000070c000000, 0x000000070c000000| Untracked 
| 151|0x000000070c100000, 0x000000070c100000, 0x000000070c200000|  0%| F|  |TAMS 0x000000070c100000, 0x000000070c100000| Untracked 
| 152|0x000000070c200000, 0x000000070c200000, 0x000000070c300000|  0%| F|  |TAMS 0x000000070c200000, 0x000000070c200000| Untracked 
| 153|0x000000070c300000, 0x000000070c300000, 0x000000070c400000|  0%| F|  |TAMS 0x000000070c300000, 0x000000070c300000| Untracked 
| 154|0x000000070c400000, 0x000000070c400000, 0x000000070c500000|  0%| F|  |TAMS 0x000000070c400000, 0x000000070c400000| Untracked 
| 155|0x000000070c500000, 0x000000070c500000, 0x000000070c600000|  0%| F|  |TAMS 0x000000070c500000, 0x000000070c500000| Untracked 
| 156|0x000000070c600000, 0x000000070c600000, 0x000000070c700000|  0%| F|  |TAMS 0x000000070c600000, 0x000000070c600000| Untracked 
| 157|0x000000070c700000, 0x000000070c700000, 0x000000070c800000|  0%| F|  |TAMS 0x000000070c700000, 0x000000070c700000| Untracked 
| 158|0x000000070c800000, 0x000000070c800000, 0x000000070c900000|  0%| F|  |TAMS 0x000000070c800000, 0x000000070c800000| Untracked 
| 159|0x000000070c900000, 0x000000070c900000, 0x000000070ca00000|  0%| F|  |TAMS 0x000000070c900000, 0x000000070c900000| Untracked 
| 160|0x000000070ca00000, 0x000000070ca00000, 0x000000070cb00000|  0%| F|  |TAMS 0x000000070ca00000, 0x000000070ca00000| Untracked 
| 161|0x000000070cb00000, 0x000000070cb00000, 0x000000070cc00000|  0%| F|  |TAMS 0x000000070cb00000, 0x000000070cb00000| Untracked 
| 162|0x000000070cc00000, 0x000000070cc00000, 0x000000070cd00000|  0%| F|  |TAMS 0x000000070cc00000, 0x000000070cc00000| Untracked 
| 163|0x000000070cd00000, 0x000000070cd00000, 0x000000070ce00000|  0%| F|  |TAMS 0x000000070cd00000, 0x000000070cd00000| Untracked 
| 164|0x000000070ce00000, 0x000000070ce00000, 0x000000070cf00000|  0%| F|  |TAMS 0x000000070ce00000, 0x000000070ce00000| Untracked 
| 165|0x000000070cf00000, 0x000000070cf00000, 0x000000070d000000|  0%| F|  |TAMS 0x000000070cf00000, 0x000000070cf00000| Untracked 
| 166|0x000000070d000000, 0x000000070d000000, 0x000000070d100000|  0%| F|  |TAMS 0x000000070d000000, 0x000000070d000000| Untracked 
| 167|0x000000070d100000, 0x000000070d100000, 0x000000070d200000|  0%| F|  |TAMS 0x000000070d100000, 0x000000070d100000| Untracked 
| 168|0x000000070d200000, 0x000000070d200000, 0x000000070d300000|  0%| F|  |TAMS 0x000000070d200000, 0x000000070d200000| Untracked 
| 169|0x000000070d300000, 0x000000070d300000, 0x000000070d400000|  0%| F|  |TAMS 0x000000070d300000, 0x000000070d300000| Untracked 
| 170|0x000000070d400000, 0x000000070d400000, 0x000000070d500000|  0%| F|  |TAMS 0x000000070d400000, 0x000000070d400000| Untracked 
| 171|0x000000070d500000, 0x000000070d500000, 0x000000070d600000|  0%| F|  |TAMS 0x000000070d500000, 0x000000070d500000| Untracked 
| 172|0x000000070d600000, 0x000000070d600000, 0x000000070d700000|  0%| F|  |TAMS 0x000000070d600000, 0x000000070d600000| Untracked 
| 173|0x000000070d700000, 0x000000070d700000, 0x000000070d800000|  0%| F|  |TAMS 0x000000070d700000, 0x000000070d700000| Untracked 
| 174|0x000000070d800000, 0x000000070d800000, 0x000000070d900000|  0%| F|  |TAMS 0x000000070d800000, 0x000000070d800000| Untracked 
| 175|0x000000070d900000, 0x000000070d900000, 0x000000070da00000|  0%| F|  |TAMS 0x000000070d900000, 0x000000070d900000| Untracked 
| 176|0x000000070da00000, 0x000000070da00000, 0x000000070db00000|  0%| F|  |TAMS 0x000000070da00000, 0x000000070da00000| Untracked 
| 177|0x000000070db00000, 0x000000070db00000, 0x000000070dc00000|  0%| F|  |TAMS 0x000000070db00000, 0x000000070db00000| Untracked 
| 178|0x000000070dc00000, 0x000000070dc00000, 0x000000070dd00000|  0%| F|  |TAMS 0x000000070dc00000, 0x000000070dc00000| Untracked 
| 179|0x000000070dd00000, 0x000000070dd00000, 0x000000070de00000|  0%| F|  |TAMS 0x000000070dd00000, 0x000000070dd00000| Untracked 
| 180|0x000000070de00000, 0x000000070de00000, 0x000000070df00000|  0%| F|  |TAMS 0x000000070de00000, 0x000000070de00000| Untracked 
| 181|0x000000070df00000, 0x000000070df00000, 0x000000070e000000|  0%| F|  |TAMS 0x000000070df00000, 0x000000070df00000| Untracked 
| 182|0x000000070e000000, 0x000000070e000000, 0x000000070e100000|  0%| F|  |TAMS 0x000000070e000000, 0x000000070e000000| Untracked 
| 183|0x000000070e100000, 0x000000070e100000, 0x000000070e200000|  0%| F|  |TAMS 0x000000070e100000, 0x000000070e100000| Untracked 
| 184|0x000000070e200000, 0x000000070e200000, 0x000000070e300000|  0%| F|  |TAMS 0x000000070e200000, 0x000000070e200000| Untracked 
| 185|0x000000070e300000, 0x000000070e300000, 0x000000070e400000|  0%| F|  |TAMS 0x000000070e300000, 0x000000070e300000| Untracked 
| 186|0x000000070e400000, 0x000000070e400000, 0x000000070e500000|  0%| F|  |TAMS 0x000000070e400000, 0x000000070e400000| Untracked 
| 187|0x000000070e500000, 0x000000070e500000, 0x000000070e600000|  0%| F|  |TAMS 0x000000070e500000, 0x000000070e500000| Untracked 
| 188|0x000000070e600000, 0x000000070e600000, 0x000000070e700000|  0%| F|  |TAMS 0x000000070e600000, 0x000000070e600000| Untracked 
| 189|0x000000070e700000, 0x000000070e700000, 0x000000070e800000|  0%| F|  |TAMS 0x000000070e700000, 0x000000070e700000| Untracked 
| 190|0x000000070e800000, 0x000000070e800000, 0x000000070e900000|  0%| F|  |TAMS 0x000000070e800000, 0x000000070e800000| Untracked 
| 191|0x000000070e900000, 0x000000070e900000, 0x000000070ea00000|  0%| F|  |TAMS 0x000000070e900000, 0x000000070e900000| Untracked 
| 192|0x000000070ea00000, 0x000000070ea00000, 0x000000070eb00000|  0%| F|  |TAMS 0x000000070ea00000, 0x000000070ea00000| Untracked 
| 193|0x000000070eb00000, 0x000000070eb00000, 0x000000070ec00000|  0%| F|  |TAMS 0x000000070eb00000, 0x000000070eb00000| Untracked 
| 194|0x000000070ec00000, 0x000000070ec00000, 0x000000070ed00000|  0%| F|  |TAMS 0x000000070ec00000, 0x000000070ec00000| Untracked 
| 195|0x000000070ed00000, 0x000000070ed00000, 0x000000070ee00000|  0%| F|  |TAMS 0x000000070ed00000, 0x000000070ed00000| Untracked 
| 196|0x000000070ee00000, 0x000000070ee00000, 0x000000070ef00000|  0%| F|  |TAMS 0x000000070ee00000, 0x000000070ee00000| Untracked 
| 197|0x000000070ef00000, 0x000000070ef00000, 0x000000070f000000|  0%| F|  |TAMS 0x000000070ef00000, 0x000000070ef00000| Untracked 
| 198|0x000000070f000000, 0x000000070f000000, 0x000000070f100000|  0%| F|  |TAMS 0x000000070f000000, 0x000000070f000000| Untracked 
| 199|0x000000070f100000, 0x000000070f100000, 0x000000070f200000|  0%| F|  |TAMS 0x000000070f100000, 0x000000070f100000| Untracked 
| 200|0x000000070f200000, 0x000000070f200000, 0x000000070f300000|  0%| F|  |TAMS 0x000000070f200000, 0x000000070f200000| Untracked 
| 201|0x000000070f300000, 0x000000070f300000, 0x000000070f400000|  0%| F|  |TAMS 0x000000070f300000, 0x000000070f300000| Untracked 
| 202|0x000000070f400000, 0x000000070f400000, 0x000000070f500000|  0%| F|  |TAMS 0x000000070f400000, 0x000000070f400000| Untracked 
| 203|0x000000070f500000, 0x000000070f600000, 0x000000070f600000|100%| E|  |TAMS 0x000000070f500000, 0x000000070f500000| Complete 
| 204|0x000000070f600000, 0x000000070f700000, 0x000000070f700000|100%| E|CS|TAMS 0x000000070f600000, 0x000000070f600000| Complete 
| 205|0x000000070f700000, 0x000000070f800000, 0x000000070f800000|100%| E|CS|TAMS 0x000000070f700000, 0x000000070f700000| Complete 
| 206|0x000000070f800000, 0x000000070f900000, 0x000000070f900000|100%| E|CS|TAMS 0x000000070f800000, 0x000000070f800000| Complete 
| 207|0x000000070f900000, 0x000000070fa00000, 0x000000070fa00000|100%| E|CS|TAMS 0x000000070f900000, 0x000000070f900000| Complete 
| 208|0x000000070fa00000, 0x000000070fb00000, 0x000000070fb00000|100%| E|CS|TAMS 0x000000070fa00000, 0x000000070fa00000| Complete 
| 209|0x000000070fb00000, 0x000000070fc00000, 0x000000070fc00000|100%| E|CS|TAMS 0x000000070fb00000, 0x000000070fb00000| Complete 
| 210|0x000000070fc00000, 0x000000070fd00000, 0x000000070fd00000|100%| E|CS|TAMS 0x000000070fc00000, 0x000000070fc00000| Complete 
| 211|0x000000070fd00000, 0x000000070fe00000, 0x000000070fe00000|100%| E|CS|TAMS 0x000000070fd00000, 0x000000070fd00000| Complete 
| 212|0x000000070fe00000, 0x000000070ff00000, 0x000000070ff00000|100%| E|CS|TAMS 0x000000070fe00000, 0x000000070fe00000| Complete 
| 213|0x000000070ff00000, 0x0000000710000000, 0x0000000710000000|100%| E|CS|TAMS 0x000000070ff00000, 0x000000070ff00000| Complete 
| 214|0x0000000710000000, 0x0000000710100000, 0x0000000710100000|100%| E|CS|TAMS 0x0000000710000000, 0x0000000710000000| Complete 
| 215|0x0000000710100000, 0x0000000710200000, 0x0000000710200000|100%| E|CS|TAMS 0x0000000710100000, 0x0000000710100000| Complete 
| 216|0x0000000710200000, 0x0000000710300000, 0x0000000710300000|100%| E|CS|TAMS 0x0000000710200000, 0x0000000710200000| Complete 
| 217|0x0000000710300000, 0x0000000710400000, 0x0000000710400000|100%| E|CS|TAMS 0x0000000710300000, 0x0000000710300000| Complete 
| 218|0x0000000710400000, 0x0000000710500000, 0x0000000710500000|100%| E|CS|TAMS 0x0000000710400000, 0x0000000710400000| Complete 
| 219|0x0000000710500000, 0x0000000710600000, 0x0000000710600000|100%| E|CS|TAMS 0x0000000710500000, 0x0000000710500000| Complete 
| 220|0x0000000710600000, 0x0000000710700000, 0x0000000710700000|100%| E|CS|TAMS 0x0000000710600000, 0x0000000710600000| Complete 
| 221|0x0000000710700000, 0x0000000710800000, 0x0000000710800000|100%| E|CS|TAMS 0x0000000710700000, 0x0000000710700000| Complete 
| 222|0x0000000710800000, 0x0000000710900000, 0x0000000710900000|100%| E|CS|TAMS 0x0000000710800000, 0x0000000710800000| Complete 
| 223|0x0000000710900000, 0x0000000710a00000, 0x0000000710a00000|100%| E|CS|TAMS 0x0000000710900000, 0x0000000710900000| Complete 
| 224|0x0000000710a00000, 0x0000000710b00000, 0x0000000710b00000|100%| E|CS|TAMS 0x0000000710a00000, 0x0000000710a00000| Complete 
| 225|0x0000000710b00000, 0x0000000710c00000, 0x0000000710c00000|100%| E|CS|TAMS 0x0000000710b00000, 0x0000000710b00000| Complete 
| 226|0x0000000710c00000, 0x0000000710d00000, 0x0000000710d00000|100%| E|CS|TAMS 0x0000000710c00000, 0x0000000710c00000| Complete 
| 227|0x0000000710d00000, 0x0000000710e00000, 0x0000000710e00000|100%| E|CS|TAMS 0x0000000710d00000, 0x0000000710d00000| Complete 
| 228|0x0000000710e00000, 0x0000000710f00000, 0x0000000710f00000|100%| E|CS|TAMS 0x0000000710e00000, 0x0000000710e00000| Complete 
| 229|0x0000000710f00000, 0x0000000711000000, 0x0000000711000000|100%| E|CS|TAMS 0x0000000710f00000, 0x0000000710f00000| Complete 
| 230|0x0000000711000000, 0x0000000711100000, 0x0000000711100000|100%| E|CS|TAMS 0x0000000711000000, 0x0000000711000000| Complete 
| 231|0x0000000711100000, 0x0000000711200000, 0x0000000711200000|100%| E|CS|TAMS 0x0000000711100000, 0x0000000711100000| Complete 
| 232|0x0000000711200000, 0x0000000711300000, 0x0000000711300000|100%| E|CS|TAMS 0x0000000711200000, 0x0000000711200000| Complete 
| 233|0x0000000711300000, 0x0000000711400000, 0x0000000711400000|100%| E|CS|TAMS 0x0000000711300000, 0x0000000711300000| Complete 
| 234|0x0000000711400000, 0x0000000711500000, 0x0000000711500000|100%| E|CS|TAMS 0x0000000711400000, 0x0000000711400000| Complete 
| 235|0x0000000711500000, 0x0000000711600000, 0x0000000711600000|100%| E|CS|TAMS 0x0000000711500000, 0x0000000711500000| Complete 
| 236|0x0000000711600000, 0x0000000711700000, 0x0000000711700000|100%| E|CS|TAMS 0x0000000711600000, 0x0000000711600000| Complete 
| 237|0x0000000711700000, 0x0000000711800000, 0x0000000711800000|100%| E|CS|TAMS 0x0000000711700000, 0x0000000711700000| Complete 
| 238|0x0000000711800000, 0x0000000711900000, 0x0000000711900000|100%| E|CS|TAMS 0x0000000711800000, 0x0000000711800000| Complete 
| 239|0x0000000711900000, 0x0000000711a00000, 0x0000000711a00000|100%| E|CS|TAMS 0x0000000711900000, 0x0000000711900000| Complete 
| 240|0x0000000711a00000, 0x0000000711b00000, 0x0000000711b00000|100%| E|CS|TAMS 0x0000000711a00000, 0x0000000711a00000| Complete 
| 241|0x0000000711b00000, 0x0000000711c00000, 0x0000000711c00000|100%| E|CS|TAMS 0x0000000711b00000, 0x0000000711b00000| Complete 
| 242|0x0000000711c00000, 0x0000000711d00000, 0x0000000711d00000|100%| E|CS|TAMS 0x0000000711c00000, 0x0000000711c00000| Complete 
| 243|0x0000000711d00000, 0x0000000711e00000, 0x0000000711e00000|100%| E|CS|TAMS 0x0000000711d00000, 0x0000000711d00000| Complete 
| 244|0x0000000711e00000, 0x0000000711f00000, 0x0000000711f00000|100%| E|CS|TAMS 0x0000000711e00000, 0x0000000711e00000| Complete 
| 245|0x0000000711f00000, 0x0000000712000000, 0x0000000712000000|100%| E|CS|TAMS 0x0000000711f00000, 0x0000000711f00000| Complete 
| 246|0x0000000712000000, 0x0000000712100000, 0x0000000712100000|100%| E|CS|TAMS 0x0000000712000000, 0x0000000712000000| Complete 
| 247|0x0000000712100000, 0x0000000712200000, 0x0000000712200000|100%| E|CS|TAMS 0x0000000712100000, 0x0000000712100000| Complete 
| 248|0x0000000712200000, 0x0000000712300000, 0x0000000712300000|100%| E|CS|TAMS 0x0000000712200000, 0x0000000712200000| Complete 
| 249|0x0000000712300000, 0x0000000712400000, 0x0000000712400000|100%| E|CS|TAMS 0x0000000712300000, 0x0000000712300000| Complete 
| 250|0x0000000712400000, 0x0000000712500000, 0x0000000712500000|100%| E|CS|TAMS 0x0000000712400000, 0x0000000712400000| Complete 
| 251|0x0000000712500000, 0x0000000712600000, 0x0000000712600000|100%| E|CS|TAMS 0x0000000712500000, 0x0000000712500000| Complete 
| 252|0x0000000712600000, 0x0000000712700000, 0x0000000712700000|100%| E|CS|TAMS 0x0000000712600000, 0x0000000712600000| Complete 
| 253|0x0000000712700000, 0x0000000712800000, 0x0000000712800000|100%| E|CS|TAMS 0x0000000712700000, 0x0000000712700000| Complete 
| 254|0x0000000712800000, 0x0000000712900000, 0x0000000712900000|100%| E|CS|TAMS 0x0000000712800000, 0x0000000712800000| Complete 
| 255|0x0000000712900000, 0x0000000712a00000, 0x0000000712a00000|100%| E|CS|TAMS 0x0000000712900000, 0x0000000712900000| Complete 
| 256|0x0000000712a00000, 0x0000000712b00000, 0x0000000712b00000|100%| E|CS|TAMS 0x0000000712a00000, 0x0000000712a00000| Complete 
| 257|0x0000000712b00000, 0x0000000712c00000, 0x0000000712c00000|100%| E|CS|TAMS 0x0000000712b00000, 0x0000000712b00000| Complete 
| 258|0x0000000712c00000, 0x0000000712d00000, 0x0000000712d00000|100%| E|CS|TAMS 0x0000000712c00000, 0x0000000712c00000| Complete 
| 259|0x0000000712d00000, 0x0000000712e00000, 0x0000000712e00000|100%| E|CS|TAMS 0x0000000712d00000, 0x0000000712d00000| Complete 
| 260|0x0000000712e00000, 0x0000000712f00000, 0x0000000712f00000|100%| E|CS|TAMS 0x0000000712e00000, 0x0000000712e00000| Complete 
| 261|0x0000000712f00000, 0x0000000713000000, 0x0000000713000000|100%| E|CS|TAMS 0x0000000712f00000, 0x0000000712f00000| Complete 
| 262|0x0000000713000000, 0x0000000713100000, 0x0000000713100000|100%| E|CS|TAMS 0x0000000713000000, 0x0000000713000000| Complete 
| 263|0x0000000713100000, 0x0000000713200000, 0x0000000713200000|100%| E|CS|TAMS 0x0000000713100000, 0x0000000713100000| Complete 
| 264|0x0000000713200000, 0x0000000713300000, 0x0000000713300000|100%| E|CS|TAMS 0x0000000713200000, 0x0000000713200000| Complete 
| 265|0x0000000713300000, 0x0000000713400000, 0x0000000713400000|100%| E|CS|TAMS 0x0000000713300000, 0x0000000713300000| Complete 
| 266|0x0000000713400000, 0x0000000713500000, 0x0000000713500000|100%| E|CS|TAMS 0x0000000713400000, 0x0000000713400000| Complete 
| 267|0x0000000713500000, 0x0000000713600000, 0x0000000713600000|100%| E|CS|TAMS 0x0000000713500000, 0x0000000713500000| Complete 
| 268|0x0000000713600000, 0x0000000713700000, 0x0000000713700000|100%| E|CS|TAMS 0x0000000713600000, 0x0000000713600000| Complete 
| 269|0x0000000713700000, 0x0000000713800000, 0x0000000713800000|100%| E|CS|TAMS 0x0000000713700000, 0x0000000713700000| Complete 
| 270|0x0000000713800000, 0x0000000713900000, 0x0000000713900000|100%| E|CS|TAMS 0x0000000713800000, 0x0000000713800000| Complete 
| 271|0x0000000713900000, 0x0000000713a00000, 0x0000000713a00000|100%| E|CS|TAMS 0x0000000713900000, 0x0000000713900000| Complete 
| 272|0x0000000713a00000, 0x0000000713b00000, 0x0000000713b00000|100%| E|CS|TAMS 0x0000000713a00000, 0x0000000713a00000| Complete 
| 273|0x0000000713b00000, 0x0000000713c00000, 0x0000000713c00000|100%| E|CS|TAMS 0x0000000713b00000, 0x0000000713b00000| Complete 
| 274|0x0000000713c00000, 0x0000000713d00000, 0x0000000713d00000|100%| E|CS|TAMS 0x0000000713c00000, 0x0000000713c00000| Complete 
| 275|0x0000000713d00000, 0x0000000713e00000, 0x0000000713e00000|100%| E|CS|TAMS 0x0000000713d00000, 0x0000000713d00000| Complete 
| 276|0x0000000713e00000, 0x0000000713f00000, 0x0000000713f00000|100%| E|CS|TAMS 0x0000000713e00000, 0x0000000713e00000| Complete 
| 277|0x0000000713f00000, 0x0000000714000000, 0x0000000714000000|100%| E|CS|TAMS 0x0000000713f00000, 0x0000000713f00000| Complete 
| 278|0x0000000714000000, 0x0000000714100000, 0x0000000714100000|100%| E|CS|TAMS 0x0000000714000000, 0x0000000714000000| Complete 
| 279|0x0000000714100000, 0x0000000714200000, 0x0000000714200000|100%| E|CS|TAMS 0x0000000714100000, 0x0000000714100000| Complete 
| 280|0x0000000714200000, 0x0000000714300000, 0x0000000714300000|100%| E|CS|TAMS 0x0000000714200000, 0x0000000714200000| Complete 
| 281|0x0000000714300000, 0x0000000714400000, 0x0000000714400000|100%| E|CS|TAMS 0x0000000714300000, 0x0000000714300000| Complete 
| 282|0x0000000714400000, 0x0000000714500000, 0x0000000714500000|100%| E|CS|TAMS 0x0000000714400000, 0x0000000714400000| Complete 
| 283|0x0000000714500000, 0x0000000714600000, 0x0000000714600000|100%| E|CS|TAMS 0x0000000714500000, 0x0000000714500000| Complete 
| 284|0x0000000714600000, 0x0000000714700000, 0x0000000714700000|100%| E|CS|TAMS 0x0000000714600000, 0x0000000714600000| Complete 
| 285|0x0000000714700000, 0x0000000714800000, 0x0000000714800000|100%| E|CS|TAMS 0x0000000714700000, 0x0000000714700000| Complete 
| 286|0x0000000714800000, 0x0000000714900000, 0x0000000714900000|100%| E|CS|TAMS 0x0000000714800000, 0x0000000714800000| Complete 
| 287|0x0000000714900000, 0x0000000714980000, 0x0000000714a00000| 50%| S|CS|TAMS 0x0000000714900000, 0x0000000714900000| Complete 
| 288|0x0000000714a00000, 0x0000000714b00000, 0x0000000714b00000|100%| S|CS|TAMS 0x0000000714a00000, 0x0000000714a00000| Complete 
| 289|0x0000000714b00000, 0x0000000714c00000, 0x0000000714c00000|100%| S|CS|TAMS 0x0000000714b00000, 0x0000000714b00000| Complete 
| 290|0x0000000714c00000, 0x0000000714d00000, 0x0000000714d00000|100%| S|CS|TAMS 0x0000000714c00000, 0x0000000714c00000| Complete 
| 291|0x0000000714d00000, 0x0000000714e00000, 0x0000000714e00000|100%| S|CS|TAMS 0x0000000714d00000, 0x0000000714d00000| Complete 
| 292|0x0000000714e00000, 0x0000000714f00000, 0x0000000714f00000|100%| S|CS|TAMS 0x0000000714e00000, 0x0000000714e00000| Complete 
| 293|0x0000000714f00000, 0x0000000715000000, 0x0000000715000000|100%| S|CS|TAMS 0x0000000714f00000, 0x0000000714f00000| Complete 
| 294|0x0000000715000000, 0x0000000715100000, 0x0000000715100000|100%| S|CS|TAMS 0x0000000715000000, 0x0000000715000000| Complete 
| 295|0x0000000715100000, 0x0000000715200000, 0x0000000715200000|100%| S|CS|TAMS 0x0000000715100000, 0x0000000715100000| Complete 
| 296|0x0000000715200000, 0x0000000715300000, 0x0000000715300000|100%| S|CS|TAMS 0x0000000715200000, 0x0000000715200000| Complete 
| 297|0x0000000715300000, 0x0000000715400000, 0x0000000715400000|100%| S|CS|TAMS 0x0000000715300000, 0x0000000715300000| Complete 
| 298|0x0000000715400000, 0x0000000715500000, 0x0000000715500000|100%| E|CS|TAMS 0x0000000715400000, 0x0000000715400000| Complete 
| 299|0x0000000715500000, 0x0000000715600000, 0x0000000715600000|100%| E|CS|TAMS 0x0000000715500000, 0x0000000715500000| Complete 
| 300|0x0000000715600000, 0x0000000715700000, 0x0000000715700000|100%| E|CS|TAMS 0x0000000715600000, 0x0000000715600000| Complete 
| 301|0x0000000715700000, 0x0000000715800000, 0x0000000715800000|100%| E|CS|TAMS 0x0000000715700000, 0x0000000715700000| Complete 
| 302|0x0000000715800000, 0x0000000715900000, 0x0000000715900000|100%| E|CS|TAMS 0x0000000715800000, 0x0000000715800000| Complete 
| 303|0x0000000715900000, 0x0000000715a00000, 0x0000000715a00000|100%| E|CS|TAMS 0x0000000715900000, 0x0000000715900000| Complete 
| 304|0x0000000715a00000, 0x0000000715b00000, 0x0000000715b00000|100%| E|CS|TAMS 0x0000000715a00000, 0x0000000715a00000| Complete 

Card table byte_map: [0x00000288e6c20000,0x00000288e7410000] _byte_map_base: 0x00000288e340b000

Marking Bits (Prev, Next): (CMBitMap*) 0x00000288cf101850, (CMBitMap*) 0x00000288cf101818
 Prev Bits: [0x00000288ebb60000, 0x00000288efab8000)
 Next Bits: [0x00000288e7c00000, 0x00000288ebb58000)

Polling page: 0x00000288cd210000

Metaspace:

Usage:
  Non-class:     61.65 MB capacity,    60.64 MB ( 98%) used,   814.42 KB (  1%) free+waste,   223.06 KB ( <1%) overhead. 
      Class:      9.51 MB capacity,     8.83 MB ( 93%) used,   599.27 KB (  6%) free+waste,   103.69 KB (  1%) overhead. 
       Both:     71.17 MB capacity,    69.47 MB ( 98%) used,     1.38 MB (  2%) free+waste,   326.75 KB ( <1%) overhead. 

Virtual space:
  Non-class space:       62.00 MB reserved,      61.67 MB (>99%) committed 
      Class space:        1.00 GB reserved,       9.57 MB ( <1%) committed 
             Both:        1.06 GB reserved,      71.25 MB (  7%) committed 

Chunk freelists:
   Non-Class:  2.63 KB
       Class:  0 bytes
        Both:  2.63 KB

CodeHeap 'non-profiled nmethods': size=120064Kb used=3799Kb max_used=3799Kb free=116264Kb
 bounds [0x00000288deef0000, 0x00000288df2b0000, 0x00000288e6430000]
CodeHeap 'profiled nmethods': size=120000Kb used=14684Kb max_used=14684Kb free=105315Kb
 bounds [0x00000288d79c0000, 0x00000288d8820000, 0x00000288deef0000]
CodeHeap 'non-nmethods': size=5696Kb used=1276Kb max_used=1322Kb free=4419Kb
 bounds [0x00000288d7430000, 0x00000288d76a0000, 0x00000288d79c0000]
 total_blobs=8501 nmethods=6412 adapters=553
 compilation: enabled
              stopped_count=0, restarted_count=0
 full_count=0

Compilation events (10 events):
Event: 448.843 Thread 0x00000288f28c6000 6722       1       javax.servlet.ServletRequestWrapper::getRequest (5 bytes)
Event: 448.843 Thread 0x00000288f28c6000 nmethod 6722 0x00000288df2a5b10 code [0x00000288df2a5cc0, 0x00000288df2a5dd8]
Event: 448.843 Thread 0x00000288f28c6000 6723       3       org.apache.tomcat.util.buf.Ascii::toLower (14 bytes)
Event: 448.843 Thread 0x00000288f28c6000 nmethod 6723 0x00000288d8819810 code [0x00000288d88199c0, 0x00000288d8819b38]
Event: 448.844 Thread 0x00000288f28c6000 6724       3       java.util.Date::<init> (10 bytes)
Event: 448.844 Thread 0x00000288f28c6000 nmethod 6724 0x00000288d8819c10 code [0x00000288d8819dc0, 0x00000288d8819f78]
Event: 448.848 Thread 0x00000288f28c6000 6726       3       org.apache.tomcat.util.buf.AbstractChunk::getLength (10 bytes)
Event: 448.848 Thread 0x00000288f28c6000 nmethod 6726 0x00000288d881a010 code [0x00000288d881a1c0, 0x00000288d881a318]
Event: 448.848 Thread 0x00000288f28c6000 6727       3       java.nio.StringCharBuffer::get (19 bytes)
Event: 448.848 Thread 0x00000288f28c6000 nmethod 6727 0x00000288d881a390 code [0x00000288d881a580, 0x00000288d881a960]

GC Heap History (10 events):
Event: 4.464 GC heap before
{Heap before GC invocations=6 (full 0):
 garbage-first heap   total 260096K, used 115471K [0x0000000702a00000, 0x0000000800000000)
  region size 1024K, 107 young (109568K), 4 survivors (4096K)
 Metaspace       used 26397K, capacity 27101K, committed 27312K, reserved 1073152K
  class space    used 2952K, capacity 3256K, committed 3328K, reserved 1048576K
}
Event: 4.473 GC heap after
{Heap after GC invocations=7 (full 0):
 garbage-first heap   total 260096K, used 12392K [0x0000000702a00000, 0x0000000800000000)
  region size 1024K, 6 young (6144K), 6 survivors (6144K)
 Metaspace       used 26397K, capacity 27101K, committed 27312K, reserved 1073152K
  class space    used 2952K, capacity 3256K, committed 3328K, reserved 1048576K
}
Event: 5.002 GC heap before
{Heap before GC invocations=7 (full 0):
 garbage-first heap   total 260096K, used 147560K [0x0000000702a00000, 0x0000000800000000)
  region size 1024K, 138 young (141312K), 6 survivors (6144K)
 Metaspace       used 27153K, capacity 27880K, committed 28208K, reserved 1075200K
  class space    used 3023K, capacity 3334K, committed 3456K, reserved 1048576K
}
Event: 5.013 GC heap after
{Heap after GC invocations=8 (full 0):
 garbage-first heap   total 312320K, used 13548K [0x0000000702a00000, 0x0000000800000000)
  region size 1024K, 7 young (7168K), 7 survivors (7168K)
 Metaspace       used 27153K, capacity 27880K, committed 28208K, reserved 1075200K
  class space    used 3023K, capacity 3334K, committed 3456K, reserved 1048576K
}
Event: 7.112 GC heap before
{Heap before GC invocations=8 (full 0):
 garbage-first heap   total 312320K, used 86252K [0x0000000702a00000, 0x0000000800000000)
  region size 1024K, 79 young (80896K), 7 survivors (7168K)
 Metaspace       used 34704K, capacity 35593K, committed 35708K, reserved 1081344K
  class space    used 4119K, capacity 4500K, committed 4556K, reserved 1048576K
}
Event: 7.126 GC heap after
{Heap after GC invocations=9 (full 0):
 garbage-first heap   total 312320K, used 16434K [0x0000000702a00000, 0x0000000800000000)
  region size 1024K, 10 young (10240K), 10 survivors (10240K)
 Metaspace       used 34704K, capacity 35593K, committed 35708K, reserved 1081344K
  class space    used 4119K, capacity 4500K, committed 4556K, reserved 1048576K
}
Event: 10.202 GC heap before
{Heap before GC invocations=10 (full 0):
 garbage-first heap   total 312320K, used 193586K [0x0000000702a00000, 0x0000000800000000)
  region size 1024K, 183 young (187392K), 10 survivors (10240K)
 Metaspace       used 56920K, capacity 58334K, committed 58620K, reserved 1099776K
  class space    used 7084K, capacity 7650K, committed 7756K, reserved 1048576K
}
Event: 10.229 GC heap after
{Heap after GC invocations=11 (full 0):
 garbage-first heap   total 312320K, used 25778K [0x0000000702a00000, 0x0000000800000000)
  region size 1024K, 19 young (19456K), 19 survivors (19456K)
 Metaspace       used 56920K, capacity 58334K, committed 58620K, reserved 1099776K
  class space    used 7084K, capacity 7650K, committed 7756K, reserved 1048576K
}
Event: 10.401 GC heap before
{Heap before GC invocations=11 (full 0):
 garbage-first heap   total 312320K, used 31922K [0x0000000702a00000, 0x0000000800000000)
  region size 1024K, 26 young (26624K), 19 survivors (19456K)
 Metaspace       used 58338K, capacity 59818K, committed 59940K, reserved 1101824K
  class space    used 7279K, capacity 7846K, committed 7884K, reserved 1048576K
}
Event: 10.429 GC heap after
{Heap after GC invocations=12 (full 0):
 garbage-first heap   total 312320K, used 26645K [0x0000000702a00000, 0x0000000800000000)
  region size 1024K, 11 young (11264K), 11 survivors (11264K)
 Metaspace       used 58338K, capacity 59818K, committed 59940K, reserved 1101824K
  class space    used 7279K, capacity 7846K, committed 7884K, reserved 1048576K
}

Deoptimization events (10 events):
Event: 13.723 Thread 0x00000288cf09e800 Uncommon trap: reason=class_check action=maybe_recompile pc=0x00000288df023b28 method=org.springframework.util.ConcurrentReferenceHashMap$Segment.findInChain(Lorg/springframework/util/ConcurrentReferenceHashMap$Reference;Ljava/lang/Object;I)Lorg/springfra
Event: 13.723 Thread 0x00000288cf09e800 Uncommon trap: reason=class_check action=maybe_recompile pc=0x00000288df0200dc method=org.springframework.util.ConcurrentReferenceHashMap.get(Ljava/lang/Object;)Ljava/lang/Object; @ 14 c2
Event: 13.725 Thread 0x00000288cf09e800 Uncommon trap: reason=class_check action=maybe_recompile pc=0x00000288df023b28 method=org.springframework.util.ConcurrentReferenceHashMap$Segment.findInChain(Lorg/springframework/util/ConcurrentReferenceHashMap$Reference;Ljava/lang/Object;I)Lorg/springfra
Event: 13.725 Thread 0x00000288cf09e800 Uncommon trap: reason=class_check action=maybe_recompile pc=0x00000288df0200dc method=org.springframework.util.ConcurrentReferenceHashMap.get(Ljava/lang/Object;)Ljava/lang/Object; @ 14 c2
Event: 13.749 Thread 0x00000288cf09e800 Uncommon trap: reason=class_check action=maybe_recompile pc=0x00000288df005c60 method=org.springframework.util.ConcurrentReferenceHashMap.get(Ljava/lang/Object;)Ljava/lang/Object; @ 14 c2
Event: 13.951 Thread 0x00000288cf09e800 Uncommon trap: reason=null_check action=make_not_entrant pc=0x00000288df02c068 method=java.util.AbstractCollection.toArray([Ljava/lang/Object;)[Ljava/lang/Object; @ 116 c2
Event: 77.887 Thread 0x00000288f28c2800 Uncommon trap: reason=profile_predicate action=maybe_recompile pc=0x00000288df26dde0 method=java.util.TreeMap.put(Ljava/lang/Object;Ljava/lang/Object;)Ljava/lang/Object; @ 55 c2
Event: 77.887 Thread 0x00000288f28c2800 Uncommon trap: reason=profile_predicate action=maybe_recompile pc=0x00000288df26dde0 method=java.util.TreeMap.put(Ljava/lang/Object;Ljava/lang/Object;)Ljava/lang/Object; @ 55 c2
Event: 77.887 Thread 0x00000288f28c2800 Uncommon trap: reason=profile_predicate action=maybe_recompile pc=0x00000288df26dde0 method=java.util.TreeMap.put(Ljava/lang/Object;Ljava/lang/Object;)Ljava/lang/Object; @ 55 c2
Event: 87.896 Thread 0x00000288f28c2800 Uncommon trap: reason=profile_predicate action=maybe_recompile pc=0x00000288df26dde0 method=java.util.TreeMap.put(Ljava/lang/Object;Ljava/lang/Object;)Ljava/lang/Object; @ 55 c2

Classes redefined (0 events):
No events

Internal exceptions (10 events):
Event: 13.784 Thread 0x00000288cf09e800 Exception <a 'java/lang/IncompatibleClassChangeError'{0x00000007104c2080}: Found class java.lang.Object, but interface was expected> (0x00000007104c2080) thrown at [t:/workspace/open/src/hotspot/share/interpreter/linkResolver.cpp, line 838]
Event: 13.895 Thread 0x00000288cf09e800 Exception <a 'java/lang/IncompatibleClassChangeError'{0x000000070ffc8318}: Found class java.lang.Object, but interface was expected> (0x000000070ffc8318) thrown at [t:/workspace/open/src/hotspot/share/interpreter/linkResolver.cpp, line 838]
Event: 13.916 Thread 0x00000288cf09e800 Exception <a 'java/lang/NoSuchMethodError'{0x000000070fe24330}: java.lang.invoke.DirectMethodHandle$Holder.invokeStatic(Ljava/lang/Object;Ljava/lang/Object;Ljava/lang/Object;Ljava/lang/Object;Ljava/lang/Object;Ljava/lang/Object;Ljava/lang/Object;Ljava/lan
Event: 13.918 Thread 0x00000288cf09e800 Exception <a 'java/lang/NoSuchMethodError'{0x000000070fe422b0}: java.lang.invoke.DirectMethodHandle$Holder.invokeStatic(Ljava/lang/Object;Ljava/lang/Object;Ljava/lang/Object;Ljava/lang/Object;Ljava/lang/Object;Ljava/lang/Object;Ljava/lang/Object;Ljava/lan
Event: 13.921 Thread 0x00000288cf09e800 Exception <a 'java/lang/NoSuchMethodError'{0x000000070fe612e0}: java.lang.invoke.DirectMethodHandle$Holder.invokeStatic(Ljava/lang/Object;Ljava/lang/Object;Ljava/lang/Object;Ljava/lang/Object;Ljava/lang/Object;Ljava/lang/Object;Ljava/lang/Object;Ljava/lan
Event: 13.923 Thread 0x00000288cf09e800 Exception <a 'java/lang/NoSuchMethodError'{0x000000070fe82608}: java.lang.invoke.DirectMethodHandle$Holder.invokeStatic(Ljava/lang/Object;Ljava/lang/Object;Ljava/lang/Object;Ljava/lang/Object;Ljava/lang/Object;Ljava/lang/Object;Ljava/lang/Object;Ljava/lan
Event: 13.951 Thread 0x00000288cf09e800 Implicit null exception at 0x00000288df02be5d to 0x00000288df02c05e
Event: 448.807 Thread 0x00000288f6f73800 Exception <a 'java/lang/NoSuchMethodError'{0x000000070f6e9ba8}: java.lang.invoke.DirectMethodHandle$Holder.invokeStaticInit(Ljava/lang/Object;Ljava/lang/Object;Ljava/lang/Object;)V> (0x000000070f6e9ba8) thrown at [t:/workspace/open/src/hotspot/share/inter
Event: 448.830 Thread 0x00000288f6f73800 Exception <a 'java/lang/NoSuchMethodError'{0x000000070f57e1e0}: java.lang.invoke.DirectMethodHandle$Holder.invokeStatic(Ljava/lang/Object;ILjava/lang/Object;Ljava/lang/Object;)Ljava/lang/Object;> (0x000000070f57e1e0) thrown at [t:/workspace/open/src/hotsp
Event: 448.831 Thread 0x00000288f6f73800 Exception <a 'java/lang/NoSuchMethodError'{0x000000070f5854a8}: java.lang.invoke.DirectMethodHandle$Holder.invokeSpecial(Ljava/lang/Object;Ljava/lang/Object;ILjava/lang/Object;Ljava/lang/Object;)Ljava/lang/Object;> (0x000000070f5854a8) thrown at [t:/works

Events (10 events):
Event: 448.840 loading class org/springframework/web/context/request/ServletWebRequest
Event: 448.840 loading class org/springframework/web/context/request/ServletWebRequest done
Event: 448.845 loading class org/apache/coyote/http11/Constants
Event: 448.845 loading class org/apache/coyote/http11/Constants done
Event: 448.849 loading class org/apache/tomcat/util/net/NioBlockingSelector$KeyReference
Event: 448.849 loading class org/apache/tomcat/util/net/NioBlockingSelector$KeyReference done
Event: 448.850 loading class org/apache/tomcat/util/net/NioBlockingSelector$BlockPoller$RunnableRemove
Event: 448.850 loading class org/apache/tomcat/util/net/NioBlockingSelector$BlockPoller$RunnableRemove done
Event: 448.850 Executing VM operation: RevokeBias
Event: 448.851 Executing VM operation: RevokeBias done


Dynamic libraries:
0x00007ff6a5a40000 - 0x00007ff6a5a87000 	C:\Program Files\Java\jdk-11.0.6\bin\javaw.exe
0x00007ffec5e10000 - 0x00007ffec6004000 	C:\WINDOWS\SYSTEM32\ntdll.dll
0x00007ffec4710000 - 0x00007ffec47cd000 	C:\WINDOWS\System32\KERNEL32.DLL
0x00007ffec3bb0000 - 0x00007ffec3e77000 	C:\WINDOWS\System32\KERNELBASE.dll
0x00007ffec5110000 - 0x00007ffec51ba000 	C:\WINDOWS\System32\ADVAPI32.dll
0x00007ffec4670000 - 0x00007ffec470e000 	C:\WINDOWS\System32\msvcrt.dll
0x00007ffec44a0000 - 0x00007ffec453b000 	C:\WINDOWS\System32\sechost.dll
0x00007ffec4540000 - 0x00007ffec4663000 	C:\WINDOWS\System32\RPCRT4.dll
0x00007ffec5b00000 - 0x00007ffec5ca0000 	C:\WINDOWS\System32\USER32.dll
0x00007ffec38a0000 - 0x00007ffec38c2000 	C:\WINDOWS\System32\win32u.dll
0x00007ffec52b0000 - 0x00007ffec52da000 	C:\WINDOWS\System32\GDI32.dll
0x00007ffec35b0000 - 0x00007ffec36ba000 	C:\WINDOWS\System32\gdi32full.dll
0x00007ffec39b0000 - 0x00007ffec3a4d000 	C:\WINDOWS\System32\msvcp_win.dll
0x00007ffec37a0000 - 0x00007ffec38a0000 	C:\WINDOWS\System32\ucrtbase.dll
0x00007ffeb1370000 - 0x00007ffeb160a000 	C:\WINDOWS\WinSxS\amd64_microsoft.windows.common-controls_6595b64144ccf1df_6.0.19041.1_none_b555e41d4684ddec\COMCTL32.dll
0x00007ffeb8f60000 - 0x00007ffeb8f6a000 	C:\WINDOWS\SYSTEM32\VERSION.dll
0x00007ffec5300000 - 0x00007ffec5330000 	C:\WINDOWS\System32\IMM32.DLL
0x00007ffebb370000 - 0x00007ffebb386000 	C:\Program Files\Java\jdk-11.0.6\bin\vcruntime140.dll
0x00007ffebb010000 - 0x00007ffebb0ba000 	C:\Program Files\Java\jdk-11.0.6\bin\msvcp140.dll
0x00007ffe881d0000 - 0x00007ffe88cf9000 	C:\Program Files\Java\jdk-11.0.6\bin\server\jvm.dll
0x00007ffec43e0000 - 0x00007ffec43e8000 	C:\WINDOWS\System32\PSAPI.DLL
0x00007ffeacb40000 - 0x00007ffeacb49000 	C:\WINDOWS\SYSTEM32\WSOCK32.dll
0x00007ffec4980000 - 0x00007ffec49eb000 	C:\WINDOWS\System32\WS2_32.dll
0x00007ffeafe70000 - 0x00007ffeafe97000 	C:\WINDOWS\SYSTEM32\WINMM.dll
0x00007ffec1e80000 - 0x00007ffec1e93000 	C:\WINDOWS\SYSTEM32\kernel.appcore.dll
0x00007ffeab840000 - 0x00007ffeab851000 	C:\Program Files\Java\jdk-11.0.6\bin\verify.dll
0x00007ffec1b40000 - 0x00007ffec1d24000 	C:\WINDOWS\SYSTEM32\DBGHELP.DLL
0x00007ffeabff0000 - 0x00007ffeac01c000 	C:\WINDOWS\SYSTEM32\dbgcore.DLL
0x00007ffec36c0000 - 0x00007ffec373f000 	C:\WINDOWS\System32\bcryptPrimitives.dll
0x00007ffe881a0000 - 0x00007ffe881c9000 	C:\Program Files\Java\jdk-11.0.6\bin\java.dll
0x00007ffe91020000 - 0x00007ffe91036000 	C:\Program Files\Java\jdk-11.0.6\bin\zip.dll
0x00007ffeaf8e0000 - 0x00007ffeaf8ea000 	C:\Program Files\Java\jdk-11.0.6\bin\jimage.dll
0x00007ffec53b0000 - 0x00007ffec5ae5000 	C:\WINDOWS\System32\SHELL32.dll
0x00007ffec12e0000 - 0x00007ffec1a6f000 	C:\WINDOWS\SYSTEM32\windows.storage.dll
0x00007ffec3fc0000 - 0x00007ffec4313000 	C:\WINDOWS\System32\combase.dll
0x00007ffec2e40000 - 0x00007ffec2e6b000 	C:\WINDOWS\SYSTEM32\Wldp.dll
0x00007ffec43f0000 - 0x00007ffec449e000 	C:\WINDOWS\System32\SHCORE.dll
0x00007ffec5250000 - 0x00007ffec52a5000 	C:\WINDOWS\System32\shlwapi.dll
0x00007ffec34a0000 - 0x00007ffec34bf000 	C:\WINDOWS\SYSTEM32\profapi.dll
0x00007ffe87d80000 - 0x00007ffe87d99000 	C:\Program Files\Java\jdk-11.0.6\bin\net.dll
0x00007ffeb9e10000 - 0x00007ffeb9f10000 	C:\WINDOWS\SYSTEM32\WINHTTP.dll
0x00007ffec2c30000 - 0x00007ffec2c9a000 	C:\WINDOWS\system32\mswsock.dll
0x00007ffe87d60000 - 0x00007ffe87d73000 	C:\Program Files\Java\jdk-11.0.6\bin\nio.dll
0x00007ffec2940000 - 0x00007ffec297b000 	C:\WINDOWS\SYSTEM32\IPHLPAPI.DLL
0x00007ffec5af0000 - 0x00007ffec5af9000 	C:\WINDOWS\System32\NSI.dll
0x00007ffeb2410000 - 0x00007ffeb2427000 	C:\WINDOWS\SYSTEM32\dhcpcsvc6.DLL
0x00007ffeb23f0000 - 0x00007ffeb240d000 	C:\WINDOWS\SYSTEM32\dhcpcsvc.DLL
0x00007ffec2980000 - 0x00007ffec2a4a000 	C:\WINDOWS\SYSTEM32\DNSAPI.dll
0x00007ffeb0f20000 - 0x00007ffeb0f2a000 	C:\Windows\System32\rasadhlp.dll
0x00007ffeb9ae0000 - 0x00007ffeb9b5f000 	C:\WINDOWS\System32\fwpuclnt.dll
0x00007ffec3980000 - 0x00007ffec39a7000 	C:\WINDOWS\System32\bcrypt.dll
0x00007ffebd060000 - 0x00007ffebd069000 	C:\Program Files\Java\jdk-11.0.6\bin\management.dll
0x00007ffeb1150000 - 0x00007ffeb115c000 	C:\Program Files\Java\jdk-11.0.6\bin\management_ext.dll
0x00007ffea30e0000 - 0x00007ffea30f7000 	C:\WINDOWS\system32\napinsp.dll
0x00007ffea3050000 - 0x00007ffea306b000 	C:\WINDOWS\system32\pnrpnsp.dll
0x00007ffea2eb0000 - 0x00007ffea2ec5000 	C:\WINDOWS\system32\wshbth.dll
0x00007ffebe750000 - 0x00007ffebe76d000 	C:\WINDOWS\system32\NLAapi.dll
0x00007ffea2b30000 - 0x00007ffea2b42000 	C:\WINDOWS\System32\winrnr.dll
0x00007ffec2e80000 - 0x00007ffec2e98000 	C:\WINDOWS\SYSTEM32\CRYPTSP.dll
0x00007ffec25e0000 - 0x00007ffec2614000 	C:\WINDOWS\system32\rsaenh.dll
0x00007ffec3460000 - 0x00007ffec348e000 	C:\WINDOWS\SYSTEM32\USERENV.dll
0x00007ffec2db0000 - 0x00007ffec2dbc000 	C:\WINDOWS\SYSTEM32\CRYPTBASE.dll
0x00007ffeaf3d0000 - 0x00007ffeaf3f7000 	C:\Program Files\Java\jdk-11.0.6\bin\sunec.dll
0x00007ffebe160000 - 0x00007ffebe16d000 	C:\Program Files\Java\jdk-11.0.6\bin\sunmscapi.dll
0x00007ffec3a50000 - 0x00007ffec3bad000 	C:\WINDOWS\System32\CRYPT32.dll
0x00007ffec2f80000 - 0x00007ffec2fa7000 	C:\WINDOWS\SYSTEM32\ncrypt.dll
0x00007ffec2f40000 - 0x00007ffec2f7b000 	C:\WINDOWS\SYSTEM32\NTASN1.dll

dbghelp: loaded successfully - version: 4.0.5 - missing functions: none
symbol engine: initialized successfully - sym options: 0x614 - pdb path: .;C:\Program Files\Java\jdk-11.0.6\bin;C:\WINDOWS\SYSTEM32;C:\WINDOWS\WinSxS\amd64_microsoft.windows.common-controls_6595b64144ccf1df_6.0.19041.1_none_b555e41d4684ddec;C:\Program Files\Java\jdk-11.0.6\bin\server

VM Arguments:
jvm_args: -Dfile.encoding=UTF-8 
java_command: com.abcool.OAuth2DB.OAuth2DbApplication
java_class_path (initial): D:\Github\JBDL\OAuth2DB\target\classes;C:\Users\acss_\.m2\repository\org\springframework\boot\spring-boot-starter-data-jpa\2.3.1.RELEASE\spring-boot-starter-data-jpa-2.3.1.RELEASE.jar;C:\Users\acss_\.m2\repository\org\springframework\boot\spring-boot-starter-aop\2.3.1.RELEASE\spring-boot-starter-aop-2.3.1.RELEASE.jar;C:\Users\acss_\.m2\repository\org\springframework\spring-aop\5.2.7.RELEASE\spring-aop-5.2.7.RELEASE.jar;C:\Users\acss_\.m2\repository\org\aspectj\aspectjweaver\1.9.5\aspectjweaver-1.9.5.jar;C:\Users\acss_\.m2\repository\org\springframework\boot\spring-boot-starter-jdbc\2.3.1.RELEASE\spring-boot-starter-jdbc-2.3.1.RELEASE.jar;C:\Users\acss_\.m2\repository\com\zaxxer\HikariCP\3.4.5\HikariCP-3.4.5.jar;C:\Users\acss_\.m2\repository\org\springframework\spring-jdbc\5.2.7.RELEASE\spring-jdbc-5.2.7.RELEASE.jar;C:\Users\acss_\.m2\repository\jakarta\transaction\jakarta.transaction-api\1.3.3\jakarta.transaction-api-1.3.3.jar;C:\Users\acss_\.m2\repository\jakarta\persistence\jakarta.persistence-api\2.2.3\jakarta.persistence-api-2.2.3.jar;C:\Users\acss_\.m2\repository\org\hibernate\hibernate-core\5.4.17.Final\hibernate-core-5.4.17.Final.jar;C:\Users\acss_\.m2\repository\org\jboss\logging\jboss-logging\3.4.1.Final\jboss-logging-3.4.1.Final.jar;C:\Users\acss_\.m2\repository\org\javassist\javassist\3.24.0-GA\javassist-3.24.0-GA.jar;C:\Users\acss_\.m2\repository\net\bytebuddy\byte-buddy\1.10.11\byte-buddy-1.10.11.jar;C:\Users\acss_\.m2\repository\antlr\antlr\2.7.7\antlr-2.7.7.jar;C:\Users\acss_\.m2\repository\org\jboss\jandex\2.1.3.Final\jandex-2.1.3.Final.jar;C:\Users\acss_\.m2\repository\com\fasterxml\classmate\1.5.1\classmate-1.5.1.jar;C:\Users\acss_\.m2\repository\org\dom4j\dom4j\2.1.3\dom4j-2.1.3.jar;C:\Users\acss_\.m2\repository\org\hibernate\common\hibernate-commons-annotations\5.1.0.Final\hibernate-commons-annotations-5.1.0.Final.jar;C:\Users\acss_\.m2\repository\org\glassfish\jaxb\jaxb-runtime\2.3.3\jaxb-runtime-2.3.3.jar;C:\Users\a
Launcher Type: SUN_STANDARD

[Global flags]
     intx CICompilerCount                          = 3                                         {product} {ergonomic}
     uint ConcGCThreads                            = 1                                         {product} {ergonomic}
     uint G1ConcRefinementThreads                  = 4                                         {product} {ergonomic}
   size_t G1HeapRegionSize                         = 1048576                                   {product} {ergonomic}
    uintx GCDrainStackTargetSize                   = 64                                        {product} {ergonomic}
   size_t InitialHeapSize                          = 266338304                                 {product} {ergonomic}
   size_t MarkStackSize                            = 4194304                                   {product} {ergonomic}
   size_t MaxHeapSize                              = 4250927104                                {product} {ergonomic}
   size_t MaxNewSize                               = 2550136832                                {product} {ergonomic}
   size_t MinHeapDeltaBytes                        = 1048576                                   {product} {ergonomic}
    uintx NonNMethodCodeHeapSize                   = 5830732                                {pd product} {ergonomic}
    uintx NonProfiledCodeHeapSize                  = 122913754                              {pd product} {ergonomic}
    uintx ProfiledCodeHeapSize                     = 122913754                              {pd product} {ergonomic}
    uintx ReservedCodeCacheSize                    = 251658240                              {pd product} {ergonomic}
     bool SegmentedCodeCache                       = true                                      {product} {ergonomic}
     bool UseCompressedClassPointers               = true                                 {lp64_product} {ergonomic}
     bool UseCompressedOops                        = true                                 {lp64_product} {ergonomic}
     bool UseG1GC                                  = true                                      {product} {ergonomic}
     bool UseLargePagesIndividualAllocation        = false                                  {pd product} {ergonomic}

Logging:
Log output configuration:
 #0: stdout all=warning uptime,level,tags
 #1: stderr all=off uptime,level,tags

Environment Variables:
PATH=C:/Program Files/Java/jdk-11.0.6/bin/server;C:/Program Files/Java/jdk-11.0.6/bin;C:\Python38\Scripts\;C:\Python38\;D:\Softwares\WINDOWS.X64_193000_db_home\bin;C:\WINDOWS\system32;C:\WINDOWS;C:\WINDOWS\System32\Wbem;C:\WINDOWS\System32\WindowsPowerShell\v1.0\;C:\WINDOWS\System32\OpenSSH\;C:\Program Files\Git\cmd;C:\Program Files (x86)\Intel\Intel(R) Management Engine Components\DAL;C:\Program Files\Intel\Intel(R) Management Engine Components\DAL;C:\Program Files\MATLAB\R2017a\runtime\win64;C:\Program Files\MATLAB\R2017a\bin;C:\texlive\2020\bin\win32;C:\Program Files\nodejs\;C:\ProgramData\chocolatey\bin;C:\Program Files\Redis\;C:\Program Files\MySQL\MySQL Shell 8.0\bin\;C:\Users\acss_\AppData\Local\Microsoft\WindowsApps;C:\Program Files\Java\jdk-11.0.6\bin;C:\Users\acss_\AppData\Local\Programs\Microsoft VS Code\bin;C:\MinGW\bin;C:\Program Files\JetBrains\IntelliJ IDEA 2020.1\bin;;D:\Training\JBDL\apache-maven-3.6.3\bin;C:\Program Files\MySQL\MySQL Server 8.0\bin;C:\Users\acss_\AppData\Roaming\npm;C:\Users\acss_\Desktop;
USERNAME=acss_
OS=Windows_NT
PROCESSOR_IDENTIFIER=Intel64 Family 6 Model 142 Stepping 9, GenuineIntel



---------------  S Y S T E M  ---------------

OS: Windows 10 , 64 bit Build 19041 (10.0.19041.292)

CPU:total 4 (initial active 4) (2 cores per cpu, 2 threads per core) family 6 model 142 stepping 9, cmov, cx8, fxsr, mmx, sse, sse2, sse3, ssse3, sse4.1, sse4.2, popcnt, avx, avx2, aes, clmul, erms, 3dnowpref, lzcnt, ht, tsc, tscinvbit, bmi1, bmi2, adx, fma

Memory: 4k page, system-wide physical 16215M (5535M free)
TotalPageFile size 16215M (AvailPageFile size 4M)
current process WorkingSet (physical memory assigned to process): 429M, peak: 449M
current process commit charge ("private bytes"): 548M, peak: 569M

vm_info: Java HotSpot(TM) 64-Bit Server VM (11.0.6+8-LTS) for windows-amd64 JRE (11.0.6+8-LTS), built on Dec 11 2019 09:17:57 by "mach5one" with MS VC++ 15.5 (VS2017)

END.
